Lua 5.1 到 5.3 升级修改方案
============================================================

1. setfenv函数移除问题
------------------------------------------------------------
问题描述：
setfenv在Lua 5.3中被移除，主要用于改变当前文件的环境。

修改方案：
1) 使用_ENV变量替代：
   原代码：
   setfenv(1, M)
   
   修改为：
   _ENV = M
   
2) 或使用局部变量替代：
   local _G = _G
   local pairs = pairs
   local type = type
   -- 将需要的全局变量声明为局部变量

2. 位运算操作符变化
------------------------------------------------------------
问题描述：
Lua 5.3改变了位运算的语法，不再使用~作为非运算符。

修改方案：
1) ~= (不等于)操作符不需要修改，这是合法的语法

2) 位运算操作需要修改：
   原代码：
   a ~ b  -- 按位异或
   ~a     -- 按位取反
   
   修改为：
   bit.bxor(a, b)  -- 按位异或
   bit.bnot(a)     -- 按位取反

3) 对于位或运算：
   原代码：
   a | b
   
   修改为：
   bit.bor(a, b)

3. 除法运算符变化
------------------------------------------------------------
问题描述：
Lua 5.3中/运算符总是返回浮点数结果。

修改方案：
1) 需要整除的情况：
   原代码：
   local result = a / b
   
   修改为：
   local result = math.floor(a / b)  -- 如果需要向下取整
   或
   local result = a // b  -- 使用新的整除运算符

2) 特殊情况处理：
   - 如果除法结果用于索引，必须使用整除：
     原代码：
     local index = total / page_size
     
     修改为：
     local index = total // page_size

4. 字符串分割问题
------------------------------------------------------------
问题描述：
string.gfind在新版本中被移除。

修改方案：
原代码：
for item in string.gfind(str, pattern) do
    -- 处理
end

修改为：
for item in string.gmatch(str, pattern) do
    -- 处理
end

5. table操作变化
------------------------------------------------------------
问题描述：
table.getn被移除。

修改方案：
原代码：
local len = table.getn(tbl)

修改为：
local len = #tbl

6. 其他兼容性建议
------------------------------------------------------------
1) 使用local缓存频繁使用的全局变量，提高性能

2) 显式声明所有全局变量：
   local M = {}
   _G.MyModule = M
   
3) 使用math.floor替代隐式的整数转换

4) 字符串连接考虑使用table.concat提高性能：
   原代码：
   local str = str1 .. " " .. str2 .. "|"
   
   修改为：
   local t = {str1, " ", str2, "|"}
   local str = table.concat(t)

注意事项：
------------------------------------------------------------
1. 所有修改都应该进行充分测试

2. 建议使用lint工具检查代码

3. 保持良好的错误处理机制

4. 考虑使用兼容性模块来处理版本差异 

对于Lua代码的lint工具，我推荐以下几个常用的选择：

1. **Luacheck**
- 最流行的Lua静态代码分析工具
- GitHub地址：https://github.com/mpeterv/luacheck
- 安装方法：
  ```bash
  luarocks install luacheck
  ```

2. **StyLua**
- 新一代Lua代码格式化和lint工具
- GitHub地址：https://github.com/JohnnyMorganz/StyLua
- 可以通过cargo安装：
  ```bash
  cargo install stylua
  ```

3. **selene**
- Rust编写的Lua linter
- GitHub地址：https://github.com/Kampfkarren/selene
- 支持Lua 5.1到5.4

4. **lua-format**
- Lua代码格式化工具
- GitHub地址：https://github.com/Koihik/LuaFormatter

特别针对Lua 5.1到5.3的迁移，我建议使用：

5. **lua-compat-5.3**
- 专门用于帮助Lua 5.1/5.2代码迁移到5.3的兼容性库
- GitHub地址：https://github.com/keplerproject/lua-compat-5.3

使用建议：
1. 如果你主要关注从5.1到5.3的迁移问题，建议使用 `luacheck` + `lua-compat-5.3`
2. 配置示例 (.luacheckrc):
```lua
-- .luacheckrc
codes = true
globals = {
    "bit", -- 如果使用bit库
}
compat = "5.3" -- 检查5.3兼容性
```

你可以根据项目需求选择合适的工具。一般来说，`luacheck` 是最基础且必备的工具。