扫描结果统计
============================================================

问题类型统计:
------------------------------------------------------------
位运算在Lua 5.3中有变化，请检查~的使用: 96处
除法运算在Lua 5.3中可能有不同结果，请检查是否需要使用//: 36处
setfenv在Lua 5.3中被移除: 27处
位运算在Lua 5.3中有变化，请检查|的使用: 4处

文件问题统计:
------------------------------------------------------------
F:\job\UpdateLua\UIScript\10000004.lua: 25处
F:\job\UpdateLua\UIScript\10000000.lua: 14处
F:\job\UpdateLua\UIScript\MyDialog\MoveObj.lua: 12处
F:\job\UpdateLua\UIScript\MyDialog\10020.lua: 11处
F:\job\UpdateLua\UIScript\MyDialog\10012.lua: 9处
F:\job\UpdateLua\UIScript\MyDialog\MyDialog.lua: 9处
F:\job\UpdateLua\UIScript\MyDialog\10021.lua: 7处
F:\job\UpdateLua\UIScript\TestWindow1.lua: 6处
F:\job\UpdateLua\UIScript\MyDialog\10007.lua: 6处
F:\job\UpdateLua\UIScript\ReceiveFlowerInfoWindow.lua: 4处
F:\job\UpdateLua\UIScript\TestWindow.lua: 4处
F:\job\UpdateLua\UIScript\MyDialog\10011.lua: 4处
F:\job\UpdateLua\UIScript\10000002.lua: 3处
F:\job\UpdateLua\UIScript\10000003.lua: 3处
F:\job\UpdateLua\UIScript\Main.lua: 3处
F:\job\UpdateLua\UIScript\Utility.lua: 3处
F:\job\UpdateLua\UIScript\MyDialog\10013.lua: 3处
F:\job\UpdateLua\UIScript\MyDialog\10026.lua: 3处
F:\job\UpdateLua\UIScript\MyDialog\10030.lua: 3处
F:\job\UpdateLua\UIScript\MyDialog\10040.lua: 3处
F:\job\UpdateLua\UIScript\10000001.lua: 2处
F:\job\UpdateLua\UIScript\BirthDayGiftWindow.lua: 2处
F:\job\UpdateLua\UIScript\ConfirmWindow.lua: 2处
F:\job\UpdateLua\UIScript\MyDialog\10006.lua: 2处
F:\job\UpdateLua\UIScript\MyDialog\10008.lua: 2处
F:\job\UpdateLua\UIScript\MyDialog\10022.lua: 2处
F:\job\UpdateLua\UIScript\MyDialog\10023.lua: 2处
F:\job\UpdateLua\UIScript\MyDialog\1543.lua: 2处
F:\job\UpdateLua\UIScript\MyDialog\BtnAction.lua: 2处
F:\job\UpdateLua\UIScript\RankTypeWindow.lua: 1处
F:\job\UpdateLua\UIScript\MyDialog\10004.lua: 1处
F:\job\UpdateLua\UIScript\MyDialog\10019.lua: 1处
F:\job\UpdateLua\UIScript\MyDialog\10024.lua: 1处
F:\job\UpdateLua\UIScript\MyDialog\10025.lua: 1处
F:\job\UpdateLua\UIScript\MyDialog\10031.lua: 1处
F:\job\UpdateLua\UIScript\MyDialog\1583.lua: 1处
F:\job\UpdateLua\UIScript\MyDialog\1663.lua: 1处
F:\job\UpdateLua\UIScript\MyDialog\Camera.lua: 1处
F:\job\UpdateLua\UIScript\MyDialog\LuaToClient.lua: 1处


详细问题列表
============================================================

检查文件: F:\job\UpdateLua\UIScript\10000000.lua
------------------------------------------------------------
行号: 6
代码: setfenv(1, M) -- 改变当前文件下全局变量环境，当前变量、函数属于Table: M元素
原因: setfenv在Lua 5.3中被移除
------------------------------------------------------------
行号: 89
代码: if Lua_GetDialog(IDD) ~= nil then
原因: 位运算在Lua 5.3中有变化，请检查~的使用
------------------------------------------------------------
行号: 170
代码: if id ~= __id_assist then
原因: 位运算在Lua 5.3中有变化，请检查~的使用
------------------------------------------------------------
行号: 272
代码: if nil ~= text then
原因: 位运算在Lua 5.3中有变化，请检查~的使用
------------------------------------------------------------
行号: 610
代码: if LUA_STR(20) ~= text then
原因: 位运算在Lua 5.3中有变化，请检查~的使用
------------------------------------------------------------
行号: 756
代码: if 0 ~= vv then
原因: 位运算在Lua 5.3中有变化，请检查~的使用
------------------------------------------------------------
行号: 758
代码: if nil ~= v[vv] then
原因: 位运算在Lua 5.3中有变化，请检查~的使用
------------------------------------------------------------
行号: 767
代码: if 0 ~= kk then
原因: 位运算在Lua 5.3中有变化，请检查~的使用
------------------------------------------------------------
行号: 783
代码: if nil ~= info then
原因: 位运算在Lua 5.3中有变化，请检查~的使用
------------------------------------------------------------
行号: 815
代码: if nil ~= data_talent11[k] and 0 < data_talent11[k] and 255 > data_talent11[k] then
原因: 位运算在Lua 5.3中有变化，请检查~的使用
------------------------------------------------------------
行号: 827
代码: if nil ~= data_talent22[k] and 0 < data_talent22[k] and 255 > data_talent22[k] then
原因: 位运算在Lua 5.3中有变化，请检查~的使用
------------------------------------------------------------
行号: 828
代码: if nil ~= __talent_hook[k] and 1 == __talent_hook[k] then
原因: 位运算在Lua 5.3中有变化，请检查~的使用
------------------------------------------------------------
行号: 867
代码: if nil ~= img_item[index] then
原因: 位运算在Lua 5.3中有变化，请检查~的使用
------------------------------------------------------------
行号: 873
代码: need_amount = need_amount / 100 * discount
原因: 除法运算在Lua 5.3中可能有不同结果，请检查是否需要使用//
------------------------------------------------------------

检查文件: F:\job\UpdateLua\UIScript\10000001.lua
------------------------------------------------------------
行号: 6
代码: setfenv(1, M) -- 改变当前文件下全局变量环境，当前变量、函数属于Table: M元素
原因: setfenv在Lua 5.3中被移除
------------------------------------------------------------
行号: 48
代码: if Lua_GetDialog(IDD) ~= nil then
原因: 位运算在Lua 5.3中有变化，请检查~的使用
------------------------------------------------------------

检查文件: F:\job\UpdateLua\UIScript\10000002.lua
------------------------------------------------------------
行号: 4
代码: setfenv(1, M)--改变当前文件下全局变量环境，当前变量、函数属于Table: M元素
原因: setfenv在Lua 5.3中被移除
------------------------------------------------------------
行号: 49
代码: if Lua_GetDialog(IDD) ~= nil then
原因: 位运算在Lua 5.3中有变化，请检查~的使用
------------------------------------------------------------
行号: 64
代码: if 6 ~= #data then
原因: 位运算在Lua 5.3中有变化，请检查~的使用
------------------------------------------------------------

检查文件: F:\job\UpdateLua\UIScript\10000003.lua
------------------------------------------------------------
行号: 6
代码: setfenv(1, M) -- 改变当前文件下全局变量环境，当前变量、函数属于Table: M元素
原因: setfenv在Lua 5.3中被移除
------------------------------------------------------------
行号: 125
代码: local amount = #str / 2
原因: 除法运算在Lua 5.3中可能有不同结果，请检查是否需要使用//
------------------------------------------------------------
行号: 192
代码: if nil ~= __is_in_depot then
原因: 位运算在Lua 5.3中有变化，请检查~的使用
------------------------------------------------------------

检查文件: F:\job\UpdateLua\UIScript\10000004.lua
------------------------------------------------------------
行号: 6
代码: setfenv(1, M) -- 改变当前文件下全局变量环境，当前变量、函数属于Table: M元素
原因: setfenv在Lua 5.3中被移除
------------------------------------------------------------
行号: 131
代码: if 0 ~= __browse_mode and nil ~= __play_chapter_story[1] then
原因: 位运算在Lua 5.3中有变化，请检查~的使用
------------------------------------------------------------
行号: 260
代码: if __id_monster ~= tonumber(str[1]) or __type_monster ~= tonumber(str[2]) then
原因: 位运算在Lua 5.3中有变化，请检查~的使用
------------------------------------------------------------
行号: 287
代码: if __id_monster ~= tonumber(str[1]) or __type_monster ~= tonumber(str[2]) then
原因: 位运算在Lua 5.3中有变化，请检查~的使用
------------------------------------------------------------
行号: 309
代码: if 4 ~= #str then
原因: 位运算在Lua 5.3中有变化，请检查~的使用
------------------------------------------------------------
行号: 313
代码: if 0 ~= str[1] or __type_monster ~= str[2] then
原因: 位运算在Lua 5.3中有变化，请检查~的使用
------------------------------------------------------------
行号: 336
代码: if 3 ~= #str then
原因: 位运算在Lua 5.3中有变化，请检查~的使用
------------------------------------------------------------
行号: 340
代码: if 0 ~= str[1] or __type_monster ~= str[2] then
原因: 位运算在Lua 5.3中有变化，请检查~的使用
------------------------------------------------------------
行号: 371
代码: if 4 ~= #str then
原因: 位运算在Lua 5.3中有变化，请检查~的使用
------------------------------------------------------------
行号: 375
代码: if 0 ~= str[1] or __id_monster ~= str[2] or __type_monster ~= str[3] then
原因: 位运算在Lua 5.3中有变化，请检查~的使用
------------------------------------------------------------
行号: 390
代码: if 2 ~= #str then
原因: 位运算在Lua 5.3中有变化，请检查~的使用
------------------------------------------------------------
行号: 394
代码: if 0 ~= str[1] then
原因: 位运算在Lua 5.3中有变化，请检查~的使用
------------------------------------------------------------
行号: 420
代码: if 5 ~= #str then
原因: 位运算在Lua 5.3中有变化，请检查~的使用
------------------------------------------------------------
行号: 424
代码: if 0 ~= str[1] or __id_monster ~= str[2] or __type_monster ~= str[3] then
原因: 位运算在Lua 5.3中有变化，请检查~的使用
------------------------------------------------------------
行号: 536
代码: if index == k and 0 ~= data then -- 正常点击选中处理
原因: 位运算在Lua 5.3中有变化，请检查~的使用
------------------------------------------------------------
行号: 597
代码: need_num = need_favor / data[2]
原因: 除法运算在Lua 5.3中可能有不同结果，请检查是否需要使用//
------------------------------------------------------------
行号: 599
代码: need_num = need_favor / data[3]
原因: 除法运算在Lua 5.3中可能有不同结果，请检查是否需要使用//
------------------------------------------------------------
行号: 681
代码: if 0 ~= __chk_item_to_favor then
原因: 位运算在Lua 5.3中有变化，请检查~的使用
------------------------------------------------------------
行号: 822
代码: __8all_page = math.floor((amount - 1) / 4) + 1
原因: 除法运算在Lua 5.3中可能有不同结果，请检查是否需要使用//
------------------------------------------------------------
行号: 884
代码: local star = item_monster:GetValue0(GItem_MonsterQualityLevNum) / 100
原因: 除法运算在Lua 5.3中可能有不同结果，请检查是否需要使用//
------------------------------------------------------------
行号: 1135
代码: if nil ~= story[4] then
原因: 位运算在Lua 5.3中有变化，请检查~的使用
------------------------------------------------------------
行号: 1137
代码: elseif "" ~= LUA_STR(9, __type_monster) then
原因: 位运算在Lua 5.3中有变化，请检查~的使用
------------------------------------------------------------
行号: 1147
代码: if nil ~= story[3] then
原因: 位运算在Lua 5.3中有变化，请检查~的使用
------------------------------------------------------------
行号: 1157
代码: if nil ~= story[k] then
原因: 位运算在Lua 5.3中有变化，请检查~的使用
------------------------------------------------------------
行号: 1297
代码: if "" ~= chapter_info[11] then
原因: 位运算在Lua 5.3中有变化，请检查~的使用
------------------------------------------------------------

检查文件: F:\job\UpdateLua\UIScript\BirthDayGiftWindow.lua
------------------------------------------------------------
行号: 132
代码: /callluafun </F>rwSysLuaToClient</N>10000</S>0</N>15001633
原因: 除法运算在Lua 5.3中可能有不同结果，请检查是否需要使用//
------------------------------------------------------------
行号: 134
代码: /CallF BirthDayGiftWindow_Function_10000 0
原因: 除法运算在Lua 5.3中可能有不同结果，请检查是否需要使用//
------------------------------------------------------------

检查文件: F:\job\UpdateLua\UIScript\ConfirmWindow.lua
------------------------------------------------------------
行号: 57
代码: if input ~= String[3] then
原因: 位运算在Lua 5.3中有变化，请检查~的使用
------------------------------------------------------------
行号: 103
代码: /CallF ConfirmWindow_TestOpenDlg 1
原因: 除法运算在Lua 5.3中可能有不同结果，请检查是否需要使用//
------------------------------------------------------------

检查文件: F:\job\UpdateLua\UIScript\Main.lua
------------------------------------------------------------
行号: 65
代码: if nil ~= LUA_DLG[IDD] then
原因: 位运算在Lua 5.3中有变化，请检查~的使用
------------------------------------------------------------
行号: 72
代码: local data = math.floor(idType/1000)%10;
原因: 除法运算在Lua 5.3中可能有不同结果，请检查是否需要使用//
------------------------------------------------------------
行号: 73
代码: local idNormalEudType = math.floor(idType/10000)*10000 +  idType%1000
原因: 除法运算在Lua 5.3中可能有不同结果，请检查是否需要使用//
------------------------------------------------------------

检查文件: F:\job\UpdateLua\UIScript\RankTypeWindow.lua
------------------------------------------------------------
行号: 179
代码: /CallF RankTypeWindow_TestOpenDlg
原因: 除法运算在Lua 5.3中可能有不同结果，请检查是否需要使用//
------------------------------------------------------------

检查文件: F:\job\UpdateLua\UIScript\ReceiveFlowerInfoWindow.lua
------------------------------------------------------------
行号: 148
代码: M.m_nPageIndexMax = math.ceil((#itemTable2)/3)
原因: 除法运算在Lua 5.3中可能有不同结果，请检查是否需要使用//
------------------------------------------------------------
行号: 173
代码: str = str .. t[i].name .. " " .. t[i].playerId .. " " .. amount .. "|"
原因: 位运算在Lua 5.3中有变化，请检查|的使用
------------------------------------------------------------
行号: 186
代码: str = str .. t[i].name .. " " .. t[i].playerId .. " " .. amount .. "|"
原因: 位运算在Lua 5.3中有变化，请检查|的使用
------------------------------------------------------------
行号: 321
代码: imgOver:EnableWindow(t.answerFlag ~= 0)
原因: 位运算在Lua 5.3中有变化，请检查~的使用
------------------------------------------------------------

检查文件: F:\job\UpdateLua\UIScript\TestWindow.lua
------------------------------------------------------------
行号: 61
代码: if M.ChildDlg[i] ~= nil then
原因: 位运算在Lua 5.3中有变化，请检查~的使用
------------------------------------------------------------
行号: 69
代码: if M.ChildDlg[chk:GetDataInt("index")] ~= nil then
原因: 位运算在Lua 5.3中有变化，请检查~的使用
------------------------------------------------------------
行号: 429
代码: /CallF Testdlg_OpenDlg
原因: 除法运算在Lua 5.3中可能有不同结果，请检查是否需要使用//
------------------------------------------------------------
行号: 430
代码: /callluafun </F>rwSysLuaToClient</N>20000</S>0</N>15001633
原因: 除法运算在Lua 5.3中可能有不同结果，请检查是否需要使用//
------------------------------------------------------------

检查文件: F:\job\UpdateLua\UIScript\TestWindow1.lua
------------------------------------------------------------
行号: 250
代码: local count = math.floor(amount/M.nNeedAmount)
原因: 除法运算在Lua 5.3中可能有不同结果，请检查是否需要使用//
------------------------------------------------------------
行号: 369
代码: /CallF TestWindow1_TestOpenDlg
原因: 除法运算在Lua 5.3中可能有不同结果，请检查是否需要使用//
------------------------------------------------------------
行号: 372
代码: /callluafun </F>rwSysLuaToClient</N>10001</S>1043624 0 1 1 1</N>15001639
原因: 除法运算在Lua 5.3中可能有不同结果，请检查是否需要使用//
------------------------------------------------------------
行号: 374
代码: /callluafun </F>rwSysLuaToClient</N>10001</S>1043624 1 1 1 1</N>15001639
原因: 除法运算在Lua 5.3中可能有不同结果，请检查是否需要使用//
------------------------------------------------------------
行号: 377
代码: /callluafun </F>rwSysLuaToClient</N>10002</S>1 0</N>15001639
原因: 除法运算在Lua 5.3中可能有不同结果，请检查是否需要使用//
------------------------------------------------------------
行号: 379
代码: /callluafun </F>rwSysLuaToClient</N>10002</S>0 1</N>15001639
原因: 除法运算在Lua 5.3中可能有不同结果，请检查是否需要使用//
------------------------------------------------------------

检查文件: F:\job\UpdateLua\UIScript\Utility.lua
------------------------------------------------------------
行号: 116
代码: a,b,p=(a-ra)/2,(b-rb)/2,p*2
原因: 除法运算在Lua 5.3中可能有不同结果，请检查是否需要使用//
------------------------------------------------------------
行号: 126
代码: n,p=(n-r)/2,p*2
原因: 除法运算在Lua 5.3中可能有不同结果，请检查是否需要使用//
------------------------------------------------------------
行号: 136
代码: a,b,p=(a-ra)/2,(b-rb)/2,p*2
原因: 除法运算在Lua 5.3中可能有不同结果，请检查是否需要使用//
------------------------------------------------------------

检查文件: F:\job\UpdateLua\UIScript\MyDialog\10004.lua
------------------------------------------------------------
行号: 3
代码: setfenv(1, M)
原因: setfenv在Lua 5.3中被移除
------------------------------------------------------------

检查文件: F:\job\UpdateLua\UIScript\MyDialog\10006.lua
------------------------------------------------------------
行号: 3
代码: setfenv(1, M)
原因: setfenv在Lua 5.3中被移除
------------------------------------------------------------
行号: 65
代码: local nStartPosX = 180 - nAmount/2*nPerAwardDis
原因: 除法运算在Lua 5.3中可能有不同结果，请检查是否需要使用//
------------------------------------------------------------

检查文件: F:\job\UpdateLua\UIScript\MyDialog\10007.lua
------------------------------------------------------------
行号: 3
代码: setfenv(1, M)
原因: setfenv在Lua 5.3中被移除
------------------------------------------------------------
行号: 22
代码: [1] = "[*-15,0*][~rhs_nlczk~]\\n[=22=][#6/13/宋体#][/0xf4d66c][*-5,10*]活跃月份数[*0,20*]熔魂师1级[*0,25*]熔魂师2级[*0,25*]熔魂师3级[*0,25*]熔魂师4级[*0,23*]熔魂师5级[*0,23*]熔魂师6级\\n[*5,38*][#6/14/宋体#][/0xcbc5c6]1[*0,73*]8%[*0,70*]17%[*0,56*]25%[*0,66*]42%[*0,61*]50%[*2,62*]58%\\n[*5,38*]2[*0,66*]17%[*0,70*]33%[*0,56*]50%[*0,66*]83%[*0,58*]100%[*2,57*]117%\\n[*5,38*]3[*0,66*]25%[*0,70*]50%[*0,56*]75%[*0,61*]125%[*0,56*]150%[*2,57*]175%\\n[*5,38*]4[*0,66*]33%[*0,70*]67%[*0,51*]100%[*0,58*]167%[*0,56*]200%[*2,57*]233%\\n[*5,38*]5[*0,66*]42%[*0,70*]83%[*0,51*]125%[*0,58*]208%[*0,56*]250%[*2,57*]292%",
原因: 位运算在Lua 5.3中有变化，请检查~的使用
------------------------------------------------------------
行号: 23
代码: [2] = "[*-15,0*][~rhs_nlczk~]\\n[=22=][#6/13/宋体#][/0xf4d66c][*-5,10*]活跃月份数[*0,20*]熔魂师1级[*0,25*]熔魂师2级[*0,25*]熔魂师3级[*0,25*]熔魂师4级[*0,23*]熔魂师5级[*0,23*]熔魂师6级\\n[*5,38*][#6/14/宋体#][/0xcbc5c6]6[*0,66*]50%[*0,65*]100%[*0,51*]150%[*0,58*]250%[*0,52*]300%[*2,57*]350%\\n[*5,38*]7[*0,66*]58%[*0,65*]117%[*0,51*]175%[*0,58*]292%[*0,52*]350%[*2,57*]408%\\n[*5,38*]8[*0,66*]67%[*0,65*]166%[*0,51*]200%[*0,58*]333%[*0,52*]400%[*2,57*]467%\\n[*5,38*]9[*0,66*]75%[*0,65*]150%[*0,51*]225%[*0,58*]375%[*0,52*]450%[*2,57*]525%\\n[*3,33*]10[*0,65*]83%[*0,65*]167%[*0,51*]250%[*0,58*]417%[*0,52*]500%[*2,57*]583%",
原因: 位运算在Lua 5.3中有变化，请检查~的使用
------------------------------------------------------------
行号: 24
代码: [3] = "[*-15,0*][~rhs_nlczk~]\\n[=22=][#6/13/宋体#][/0xf4d66c][*-5,10*]活跃月份数[*0,20*]熔魂师1级[*0,25*]熔魂师2级[*0,25*]熔魂师3级[*0,25*]熔魂师4级[*0,23*]熔魂师5级[*0,23*]熔魂师6级\\n[*5,33*][#6/14/宋体#][/0xcbc5c6]11[*0,66*]92%[*0,65*]183%[*0,51*]275%[*0,58*]458%[*0,52*]550%[*2,57*]642%\\n[*5,33*]12[*0,62*]100%[*0,62*]200%[*0,51*]300%[*0,58*]500%[*0,52*]600%[*2,57*]700%",
原因: 位运算在Lua 5.3中有变化，请检查~的使用
------------------------------------------------------------
行号: 29
代码: [1] = "[*-15,0*][~rhs_djnlk~]\\n[=22=][#6/14/宋体#][/0xf4d66c][*-5,0*]          熔魂师等级               最高战斗力要求               熔魂师能量值\\n[*5,70*][#6/14/宋体#][/0xcbc5c6]1级熔魂师[*0,160*]0[*0,150*]额外消耗150%\\n[*8,70*]2级熔魂师[*0,150*]100[*0,150*]额外消耗36%\\n[*5,70*]3级熔魂师[*0,150*]200[*0,150*]减少消耗12%\\n[*7,70*]4级熔魂师[*0,150*]300[*0,150*]减少消耗38%\\n[*7,70*]5级熔魂师[*0,150*]500[*0,150*]减少消耗53%",
原因: 位运算在Lua 5.3中有变化，请检查~的使用
------------------------------------------------------------
行号: 30
代码: [2] = "[*-15,0*][~rhs_djnlk~]\\n[=22=][#6/14/宋体#][/0xf4d66c][*-5,0*]          熔魂师等级               最高战斗力要求               熔魂师能量值\\n[*5,70*][#6/14/宋体#][/0xcbc5c6]6级熔魂师[*0,150*]800[*0,150*]减少消耗64%\\n[*8,70*]7级熔魂师[*0,145*]1000[*0,150*]减少消耗75%\\n[*6,70*]8级熔魂师[*0,145*]1500[*0,150*]减少消耗88%\\n[*6,70*]9级熔魂师[*0,145*]2000[*0,150*]减少消耗94%\\n[*7,67*]10级熔魂师[*0,140*]2500[*0,160*]无限能量",
原因: 位运算在Lua 5.3中有变化，请检查~的使用
------------------------------------------------------------

检查文件: F:\job\UpdateLua\UIScript\MyDialog\10008.lua
------------------------------------------------------------
行号: 3
代码: setfenv(1, M)
原因: setfenv在Lua 5.3中被移除
------------------------------------------------------------
行号: 22
代码: if Flag ~= 1 then
原因: 位运算在Lua 5.3中有变化，请检查~的使用
------------------------------------------------------------

检查文件: F:\job\UpdateLua\UIScript\MyDialog\10011.lua
------------------------------------------------------------
行号: 3
代码: setfenv(1, M)
原因: setfenv在Lua 5.3中被移除
------------------------------------------------------------
行号: 26
代码: arryMsg = SplitStr(szMsg, "|")
原因: 位运算在Lua 5.3中有变化，请检查|的使用
------------------------------------------------------------
行号: 45
代码: if string.find(DisplayCardName, "amd") ~= nil then
原因: 位运算在Lua 5.3中有变化，请检查~的使用
------------------------------------------------------------
行号: 47
代码: elseif string.find(DisplayCardName, "intel") ~= nil then
原因: 位运算在Lua 5.3中有变化，请检查~的使用
------------------------------------------------------------

检查文件: F:\job\UpdateLua\UIScript\MyDialog\10012.lua
------------------------------------------------------------
行号: 3
代码: setfenv(1, M)
原因: setfenv在Lua 5.3中被移除
------------------------------------------------------------
行号: 31
代码: [1] = "[~HGMH_T1~]",
原因: 位运算在Lua 5.3中有变化，请检查~的使用
------------------------------------------------------------
行号: 32
代码: [2] = "[~HGMH_T2~]",
原因: 位运算在Lua 5.3中有变化，请检查~的使用
------------------------------------------------------------
行号: 33
代码: [3] = "[~HGMH_T3~]",
原因: 位运算在Lua 5.3中有变化，请检查~的使用
------------------------------------------------------------
行号: 34
代码: [4] = "[~HGMH_T4~]",
原因: 位运算在Lua 5.3中有变化，请检查~的使用
------------------------------------------------------------
行号: 92
代码: SetWindowText(IDD, STA_TEXT2, string.format("[~%s~]", ProPic[nPro]))
原因: 位运算在Lua 5.3中有变化，请检查~的使用
------------------------------------------------------------
行号: 120
代码: if nCurPage ~= MAX_PAGE then
原因: 位运算在Lua 5.3中有变化，请检查~的使用
------------------------------------------------------------
行号: 140
代码: BackInfo = SplitStr(strBakInfo, '|')
原因: 位运算在Lua 5.3中有变化，请检查|的使用
------------------------------------------------------------
行号: 167
代码: if nCurPage ~= MAX_PAGE then
原因: 位运算在Lua 5.3中有变化，请检查~的使用
------------------------------------------------------------

检查文件: F:\job\UpdateLua\UIScript\MyDialog\10013.lua
------------------------------------------------------------
行号: 3
代码: setfenv(1, M)
原因: setfenv在Lua 5.3中被移除
------------------------------------------------------------
行号: 33
代码: if funcConfirmOk ~= nil then
原因: 位运算在Lua 5.3中有变化，请检查~的使用
------------------------------------------------------------
行号: 39
代码: if funcConfirmCancel ~= nil then
原因: 位运算在Lua 5.3中有变化，请检查~的使用
------------------------------------------------------------

检查文件: F:\job\UpdateLua\UIScript\MyDialog\10019.lua
------------------------------------------------------------
行号: 3
代码: setfenv(1, M)
原因: setfenv在Lua 5.3中被移除
------------------------------------------------------------

检查文件: F:\job\UpdateLua\UIScript\MyDialog\10020.lua
------------------------------------------------------------
行号: 3
代码: setfenv(1, M)
原因: setfenv在Lua 5.3中被移除
------------------------------------------------------------
行号: 73
代码: if MyOrder[i] ~= 0 then
原因: 位运算在Lua 5.3中有变化，请检查~的使用
------------------------------------------------------------
行号: 93
代码: if MyOrder[3] ~= 0 then
原因: 位运算在Lua 5.3中有变化，请检查~的使用
------------------------------------------------------------
行号: 98
代码: if MyOrder[1] ~= 0 then
原因: 位运算在Lua 5.3中有变化，请检查~的使用
------------------------------------------------------------
行号: 103
代码: if MyOrder[2] ~= 0 then
原因: 位运算在Lua 5.3中有变化，请检查~的使用
------------------------------------------------------------
行号: 114
代码: if MyOrder[2] ~= 0 then
原因: 位运算在Lua 5.3中有变化，请检查~的使用
------------------------------------------------------------
行号: 119
代码: if MyOrder[3] ~= 0 then
原因: 位运算在Lua 5.3中有变化，请检查~的使用
------------------------------------------------------------
行号: 124
代码: if MyOrder[1] ~= 0 then
原因: 位运算在Lua 5.3中有变化，请检查~的使用
------------------------------------------------------------
行号: 177
代码: if Order[i] ~= 0 then
原因: 位运算在Lua 5.3中有变化，请检查~的使用
------------------------------------------------------------
行号: 192
代码: if i ~= nPause or nHaveAmount == 3 then
原因: 位运算在Lua 5.3中有变化，请检查~的使用
------------------------------------------------------------
行号: 234
代码: local strTimer = string.format("[~TJSM_TIME~]\\n[*28,0*][(TJSM_DNum 40 0){%02d}]", dwLeaveTimeSelect)
原因: 位运算在Lua 5.3中有变化，请检查~的使用
------------------------------------------------------------

检查文件: F:\job\UpdateLua\UIScript\MyDialog\10021.lua
------------------------------------------------------------
行号: 3
代码: setfenv(1, M)
原因: setfenv在Lua 5.3中被移除
------------------------------------------------------------
行号: 40
代码: strText = string.format("[~TJSM_YellowD~][*0,-20*][~%s~][*0,-20*][~TJSM_YellowJ~]               [*-4,0*][~%s~]               [*4,0*][~%s~]", WinPic[i], strRolePic, "TJSM_S")
原因: 位运算在Lua 5.3中有变化，请检查~的使用
------------------------------------------------------------
行号: 42
代码: strText = string.format("[~TJSM_BlueD~][*0,-20*][~%s~][*0,-20*][~TJSM_BlueJ~]               [*-4,0*][~%s~]               [*4,0*][~%s~]", FailPic[i], strRolePic, "TJSM_B")
原因: 位运算在Lua 5.3中有变化，请检查~的使用
------------------------------------------------------------
行号: 61
代码: if PreWinTimes ~= NewWinTimes then
原因: 位运算在Lua 5.3中有变化，请检查~的使用
------------------------------------------------------------
行号: 62
代码: local strText = string.format("[~TJSM_JB~][*4,0*][(TJSM_XNum 22 0){%02d}] [*4,4*][~PetMagicArrowhead~][*-4,-4*] [(TJSM_XNum 22 0){%02d}][*-12,60*]", PreWinTimes, NewWinTimes)
原因: 位运算在Lua 5.3中有变化，请检查~的使用
------------------------------------------------------------
行号: 65
代码: if PreCoinNum ~= NewCoinNum then
原因: 位运算在Lua 5.3中有变化，请检查~的使用
------------------------------------------------------------
行号: 66
代码: local strText = string.format("[~TJSM_KOB~][*12,0*][(TJSM_XNum 22 0){%02d}] [*4,4*][~PetMagicArrowhead~][*-4,-4*] [(TJSM_XNum 22 0){%02d}]", PreCoinNum, NewCoinNum)
原因: 位运算在Lua 5.3中有变化，请检查~的使用
------------------------------------------------------------

检查文件: F:\job\UpdateLua\UIScript\MyDialog\10022.lua
------------------------------------------------------------
行号: 3
代码: setfenv(1, M)
原因: setfenv在Lua 5.3中被移除
------------------------------------------------------------
行号: 15
代码: local strText = string.format("[~TJSM_DDJDZ~]\\n[*50,80*][~TJSM_VS1~]\\n[*50,80*][~TJSM_TIME~]\\n[*30,80*][(TJSM_DNum 36 0){%02d}]", dwWaitingTime)
原因: 位运算在Lua 5.3中有变化，请检查~的使用
------------------------------------------------------------

检查文件: F:\job\UpdateLua\UIScript\MyDialog\10023.lua
------------------------------------------------------------
行号: 3
代码: setfenv(1, M)
原因: setfenv在Lua 5.3中被移除
------------------------------------------------------------
行号: 55
代码: if PlayVideo[strPlayVideoIndex] ~= nil then
原因: 位运算在Lua 5.3中有变化，请检查~的使用
------------------------------------------------------------

检查文件: F:\job\UpdateLua\UIScript\MyDialog\10024.lua
------------------------------------------------------------
行号: 3
代码: setfenv(1, M)
原因: setfenv在Lua 5.3中被移除
------------------------------------------------------------

检查文件: F:\job\UpdateLua\UIScript\MyDialog\10025.lua
------------------------------------------------------------
行号: 3
代码: setfenv(1, M)
原因: setfenv在Lua 5.3中被移除
------------------------------------------------------------

检查文件: F:\job\UpdateLua\UIScript\MyDialog\10026.lua
------------------------------------------------------------
行号: 3
代码: setfenv(1, M)
原因: setfenv在Lua 5.3中被移除
------------------------------------------------------------
行号: 19
代码: SetWindowText(IDD, STA_BUY_NUM, string.format("[/0xae9575]购买数量：      [*-3,0*][~TreasureHall_PageFramePic~][*3,-100*][/0xffffff]%d", dwBuyNum))
原因: 位运算在Lua 5.3中有变化，请检查~的使用
------------------------------------------------------------
行号: 30
代码: local strText = string.format("[=20=]挑战币\\n[/0xae9575]物品价格：[/0xffffff]60[~Auction_moshiPic~]\\n[/0xae9575]背包魔石：[/0xffffff]%d[~Auction_moshiPic~]", GetHeroEmoney(false))
原因: 位运算在Lua 5.3中有变化，请检查~的使用
------------------------------------------------------------

检查文件: F:\job\UpdateLua\UIScript\MyDialog\10030.lua
------------------------------------------------------------
行号: 3
代码: setfenv(1, M)
原因: setfenv在Lua 5.3中被移除
------------------------------------------------------------
行号: 34
代码: local fPercent = 0.6*MAX_SCREEN_HEIGHT/768
原因: 除法运算在Lua 5.3中可能有不同结果，请检查是否需要使用//
------------------------------------------------------------
行号: 55
代码: local fPercent = 0.6*MAX_SCREEN_HEIGHT/768
原因: 除法运算在Lua 5.3中可能有不同结果，请检查是否需要使用//
------------------------------------------------------------

检查文件: F:\job\UpdateLua\UIScript\MyDialog\10031.lua
------------------------------------------------------------
行号: 3
代码: setfenv(1, M)
原因: setfenv在Lua 5.3中被移除
------------------------------------------------------------

检查文件: F:\job\UpdateLua\UIScript\MyDialog\10040.lua
------------------------------------------------------------
行号: 3
代码: setfenv(1, M)
原因: setfenv在Lua 5.3中被移除
------------------------------------------------------------
行号: 183
代码: local X = math.floor(XY/10000)
原因: 除法运算在Lua 5.3中可能有不同结果，请检查是否需要使用//
------------------------------------------------------------
行号: 229
代码: local X = math.floor(XY/10000)
原因: 除法运算在Lua 5.3中可能有不同结果，请检查是否需要使用//
------------------------------------------------------------

检查文件: F:\job\UpdateLua\UIScript\MyDialog\1543.lua
------------------------------------------------------------
行号: 3
代码: setfenv(1, M)
原因: setfenv在Lua 5.3中被移除
------------------------------------------------------------
行号: 13
代码: if value ~= 1 then
原因: 位运算在Lua 5.3中有变化，请检查~的使用
------------------------------------------------------------

检查文件: F:\job\UpdateLua\UIScript\MyDialog\1583.lua
------------------------------------------------------------
行号: 3
代码: setfenv(1, M)
原因: setfenv在Lua 5.3中被移除
------------------------------------------------------------

检查文件: F:\job\UpdateLua\UIScript\MyDialog\1663.lua
------------------------------------------------------------
行号: 3
代码: setfenv(1, M)
原因: setfenv在Lua 5.3中被移除
------------------------------------------------------------

检查文件: F:\job\UpdateLua\UIScript\MyDialog\BtnAction.lua
------------------------------------------------------------
行号: 5
代码: if BtnAction[func] ~= nil then
原因: 位运算在Lua 5.3中有变化，请检查~的使用
------------------------------------------------------------
行号: 12
代码: setfenv(1, BtnAction)
原因: setfenv在Lua 5.3中被移除
------------------------------------------------------------

检查文件: F:\job\UpdateLua\UIScript\MyDialog\Camera.lua
------------------------------------------------------------
行号: 47
代码: local fValue = math.atan(math.abs(fZ)/math.abs(fX)) * 180.0 / math.pi
原因: 除法运算在Lua 5.3中可能有不同结果，请检查是否需要使用//
------------------------------------------------------------

检查文件: F:\job\UpdateLua\UIScript\MyDialog\LuaToClient.lua
------------------------------------------------------------
行号: 12
代码: if LuaType[strFunc] ~= nil then
原因: 位运算在Lua 5.3中有变化，请检查~的使用
------------------------------------------------------------

检查文件: F:\job\UpdateLua\UIScript\MyDialog\MoveObj.lua
------------------------------------------------------------
行号: 21
代码: if MoveObjInfo[nID].bCycle ~= nil then
原因: 位运算在Lua 5.3中有变化，请检查~的使用
------------------------------------------------------------
行号: 91
代码: if MoveObjInfo[nID] ~= nil then
原因: 位运算在Lua 5.3中有变化，请检查~的使用
------------------------------------------------------------
行号: 119
代码: MoveObjInfo[nID].nMoveSpeedX = MoveObjInfo[nID].nMaxMoveX/nTime
原因: 除法运算在Lua 5.3中可能有不同结果，请检查是否需要使用//
------------------------------------------------------------
行号: 120
代码: MoveObjInfo[nID].nMoveSpeedY = MoveObjInfo[nID].nMaxMoveY/nTime
原因: 除法运算在Lua 5.3中可能有不同结果，请检查是否需要使用//
------------------------------------------------------------
行号: 121
代码: MoveObjInfo[nID].nMoveSpeedZ = MoveObjInfo[nID].nMaxMoveZ/nTime
原因: 除法运算在Lua 5.3中可能有不同结果，请检查是否需要使用//
------------------------------------------------------------
行号: 139
代码: if MoveObjInfo[nID] ~= nil then
原因: 位运算在Lua 5.3中有变化，请检查~的使用
------------------------------------------------------------
行号: 164
代码: if MulPointMoveObj[nType] ~= nil then
原因: 位运算在Lua 5.3中有变化，请检查~的使用
------------------------------------------------------------
行号: 197
代码: if MulPointMoveObj[nType] ~= nil then
原因: 位运算在Lua 5.3中有变化，请检查~的使用
------------------------------------------------------------
行号: 203
代码: if MulPointMoveObj[nType][nPhase+1] ~= nil then
原因: 位运算在Lua 5.3中有变化，请检查~的使用
------------------------------------------------------------
行号: 214
代码: MoveObjInfo[nID].nMoveSpeedX = MoveObjInfo[nID].nMaxMoveX/MoveNextInfo[4]
原因: 除法运算在Lua 5.3中可能有不同结果，请检查是否需要使用//
------------------------------------------------------------
行号: 215
代码: MoveObjInfo[nID].nMoveSpeedY = MoveObjInfo[nID].nMaxMoveY/MoveNextInfo[4]
原因: 除法运算在Lua 5.3中可能有不同结果，请检查是否需要使用//
------------------------------------------------------------
行号: 216
代码: MoveObjInfo[nID].nMoveSpeedZ = MoveObjInfo[nID].nMaxMoveZ/MoveNextInfo[4]
原因: 除法运算在Lua 5.3中可能有不同结果，请检查是否需要使用//
------------------------------------------------------------

检查文件: F:\job\UpdateLua\UIScript\MyDialog\MyDialog.lua
------------------------------------------------------------
行号: 37
代码: if MyDialog[nDlg] ~= nil then
原因: 位运算在Lua 5.3中有变化，请检查~的使用
------------------------------------------------------------
行号: 44
代码: if MyDialog[nDlg] ~= nil then
原因: 位运算在Lua 5.3中有变化，请检查~的使用
------------------------------------------------------------
行号: 51
代码: if MyDialog[nDlg] ~= nil then
原因: 位运算在Lua 5.3中有变化，请检查~的使用
------------------------------------------------------------
行号: 58
代码: if MyDialog[nDlg] ~= nil then
原因: 位运算在Lua 5.3中有变化，请检查~的使用
------------------------------------------------------------
行号: 65
代码: if MyDialog[nDlg] ~= nil then
原因: 位运算在Lua 5.3中有变化，请检查~的使用
------------------------------------------------------------
行号: 103
代码: if nCloseDlg ~= nil then
原因: 位运算在Lua 5.3中有变化，请检查~的使用
------------------------------------------------------------
行号: 109
代码: if MyDialog[nDlg] ~= nil then
原因: 位运算在Lua 5.3中有变化，请检查~的使用
------------------------------------------------------------
行号: 110
代码: if MyDialog[nDlg].OnCloseDlg ~= nil then
原因: 位运算在Lua 5.3中有变化，请检查~的使用
------------------------------------------------------------
行号: 162
代码: if type(v) ~= "table" then
原因: 位运算在Lua 5.3中有变化，请检查~的使用
------------------------------------------------------------
