f:\job\updatelua\lua51\x64\debug\vc142.pdb
f:\job\updatelua\lua51\x64\debug\vc142.idb
f:\job\updatelua\lua51\x64\debug\print.obj
f:\job\updatelua\lua51\x64\debug\lzio.obj
f:\job\updatelua\lua51\x64\debug\lundump.obj
f:\job\updatelua\lua51\x64\debug\ltable.obj
f:\job\updatelua\lua51\x64\debug\lparser.obj
f:\job\updatelua\lua51\x64\debug\lopcodes.obj
f:\job\updatelua\lua51\x64\debug\llex.obj
f:\job\updatelua\lua51\x64\debug\lbaselib.obj
f:\job\updatelua\lua51\x64\debug\lapi.obj
f:\job\updatelua\lua51\x64\debug\lua51.pch
f:\job\updatelua\lua51\x64\debug\pch.obj
f:\job\updatelua\lua51\x64\debug\loslib.obj
f:\job\updatelua\lua51\x64\debug\lobject.obj
f:\job\updatelua\lua51\x64\debug\loadlib.obj
f:\job\updatelua\lua51\x64\debug\lmem.obj
f:\job\updatelua\lua51\x64\debug\lmathlib.obj
f:\job\updatelua\lua51\x64\debug\liolib.obj
f:\job\updatelua\lua51\x64\debug\linit.obj
f:\job\updatelua\lua51\x64\debug\lgc.obj
f:\job\updatelua\lua51\x64\debug\lfunc.obj
f:\job\updatelua\lua51\x64\debug\ldump.obj
f:\job\updatelua\lua51\x64\debug\ldo.obj
f:\job\updatelua\lua51\x64\debug\ldebug.obj
f:\job\updatelua\lua51\x64\debug\ldblib.obj
f:\job\updatelua\lua51\x64\debug\lcode.obj
f:\job\updatelua\lua51\x64\debug\lauxlib.obj
f:\job\updatelua\lua51\x64\debug\lvm.obj
f:\job\updatelua\lua51\x64\debug\luac.obj
f:\job\updatelua\lua51\x64\debug\lua.obj
f:\job\updatelua\lua51\x64\debug\ltm.obj
f:\job\updatelua\lua51\x64\debug\ltablib.obj
f:\job\updatelua\lua51\x64\debug\lstrlib.obj
f:\job\updatelua\lua51\x64\debug\lstring.obj
f:\job\updatelua\lua51\x64\debug\lstate.obj
f:\job\updatelua\lua51\x64\debug\dllmain.obj
f:\job\updatelua\lua51\x64\debug\lua51.ilk
f:\job\updatelua\x64\debug\lua51.dll
f:\job\updatelua\x64\debug\lua51.pdb
f:\job\updatelua\lua51\x64\debug\lua51.tlog\cl.command.1.tlog
f:\job\updatelua\lua51\x64\debug\lua51.tlog\cl.read.1.tlog
f:\job\updatelua\lua51\x64\debug\lua51.tlog\cl.write.1.tlog
f:\job\updatelua\lua51\x64\debug\lua51.tlog\link.command.1.tlog
f:\job\updatelua\lua51\x64\debug\lua51.tlog\link.read.1.tlog
f:\job\updatelua\lua51\x64\debug\lua51.tlog\link.write.1.tlog
