f:\job\updatelua\updatelua\luadec\vcproj-5.1\debug\obj\luadec\vc142.pdb
f:\job\updatelua\updatelua\luadec\vcproj-5.1\debug\obj\luadec\vc142.idb
f:\job\updatelua\updatelua\luadec\vcproj-5.1\debug\obj\luadec\statement.obj
f:\job\updatelua\updatelua\luadec\vcproj-5.1\debug\obj\luadec\stringbuffer.obj
f:\job\updatelua\updatelua\luadec\vcproj-5.1\debug\obj\luadec\structs.obj
f:\job\updatelua\updatelua\luadec\vcproj-5.1\debug\obj\luadec\luadec.obj
f:\job\updatelua\updatelua\luadec\vcproj-5.1\debug\obj\luadec\decompile.obj
f:\job\updatelua\updatelua\luadec\vcproj-5.1\debug\obj\luadec\disassemble.obj
f:\job\updatelua\updatelua\luadec\vcproj-5.1\debug\obj\luadec\expression.obj
f:\job\updatelua\updatelua\luadec\vcproj-5.1\debug\obj\luadec\guess.obj
f:\job\updatelua\updatelua\luadec\vcproj-5.1\debug\obj\luadec\macro-array.obj
f:\job\updatelua\updatelua\luadec\vcproj-5.1\debug\obj\luadec\proto.obj
f:\job\updatelua\updatelua\luadec\vcproj-5.1\debug\bin\luadec.exe
f:\job\updatelua\updatelua\luadec\vcproj-5.1\debug\obj\luadec\luadec.ilk
f:\job\updatelua\updatelua\luadec\vcproj-5.1\debug\bin\luadec.pdb
f:\job\updatelua\updatelua\luadec\vcproj-5.1\debug\obj\luadec\luadec.tlog\cl.command.1.tlog
f:\job\updatelua\updatelua\luadec\vcproj-5.1\debug\obj\luadec\luadec.tlog\cl.read.1.tlog
f:\job\updatelua\updatelua\luadec\vcproj-5.1\debug\obj\luadec\luadec.tlog\cl.write.1.tlog
f:\job\updatelua\updatelua\luadec\vcproj-5.1\debug\obj\luadec\luadec.tlog\link.command.1.tlog
f:\job\updatelua\updatelua\luadec\vcproj-5.1\debug\obj\luadec\luadec.tlog\link.read.1.tlog
f:\job\updatelua\updatelua\luadec\vcproj-5.1\debug\obj\luadec\luadec.tlog\link.write.1.tlog
