打包文件清单:
UIScript\10000000.lua
UIScript\10000001.lua
UIScript\10000002.lua
UIScript\10000003.lua
UIScript\10000004.lua
UIScript\BirthDayGiftWindow.lua
UIScript\ConfirmWindow.lua
UIScript\Item.lua
UIScript\LuaCtrl.lua
UIScript\Main.lua
UIScript\Player.lua
UIScript\RankTypeWindow.lua
UIScript\ReceiveFlowerInfoWindow.lua
UIScript\Task.lua
UIScript\TestWindow.lua
UIScript\TestWindow1.lua
UIScript\TestWindow2.lua
UIScript\UserFunction.lua
UIScript\Utility.lua
UIScript\WZTAssistChk.lua
UIScript\MyDialog\10004.lua
UIScript\MyDialog\10006.lua
UIScript\MyDialog\10007.lua
UIScript\MyDialog\10008.lua
UIScript\MyDialog\10011.lua
UIScript\MyDialog\10012.lua
UIScript\MyDialog\10013.lua
UIScript\MyDialog\10019.lua
UIScript\MyDialog\10020.lua
UIScript\MyDialog\10021.lua
UIScript\MyDialog\10022.lua
UIScript\MyDialog\10023.lua
UIScript\MyDialog\10024.lua
UIScript\MyDialog\10025.lua
UIScript\MyDialog\10026.lua
UIScript\MyDialog\10030.lua
UIScript\MyDialog\10031.lua
UIScript\MyDialog\10040.lua
UIScript\MyDialog\1543.lua
UIScript\MyDialog\1583.lua
UIScript\MyDialog\1663.lua
UIScript\MyDialog\apiRead.lua_
UIScript\MyDialog\BaseFunc.lua
UIScript\MyDialog\BtnAction.lua
UIScript\MyDialog\Camera.lua
UIScript\MyDialog\GameLogic.lua
UIScript\MyDialog\LuaToClient.lua
UIScript\MyDialog\MoveObj.lua
UIScript\MyDialog\MyDialog.lua
