f:\job\updatelua\luaexe\x64\debug\lapi.obj
f:\job\updatelua\luaexe\x64\debug\lauxlib.obj
f:\job\updatelua\luaexe\x64\debug\lbaselib.obj
f:\job\updatelua\luaexe\x64\debug\lcode.obj
f:\job\updatelua\luaexe\x64\debug\lcorolib.obj
f:\job\updatelua\luaexe\x64\debug\lctype.obj
f:\job\updatelua\luaexe\x64\debug\ldblib.obj
f:\job\updatelua\luaexe\x64\debug\ldebug.obj
f:\job\updatelua\luaexe\x64\debug\ldo.obj
f:\job\updatelua\luaexe\x64\debug\ldump.obj
f:\job\updatelua\luaexe\x64\debug\lfunc.obj
f:\job\updatelua\luaexe\x64\debug\lgc.obj
f:\job\updatelua\luaexe\x64\debug\linit.obj
f:\job\updatelua\luaexe\x64\debug\liolib.obj
f:\job\updatelua\luaexe\x64\debug\llex.obj
f:\job\updatelua\luaexe\x64\debug\lmathlib.obj
f:\job\updatelua\luaexe\x64\debug\lmem.obj
f:\job\updatelua\luaexe\x64\debug\loadlib.obj
f:\job\updatelua\luaexe\x64\debug\lobject.obj
f:\job\updatelua\luaexe\x64\debug\lopcodes.obj
f:\job\updatelua\luaexe\x64\debug\loslib.obj
f:\job\updatelua\luaexe\x64\debug\lparser.obj
f:\job\updatelua\luaexe\x64\debug\lstate.obj
f:\job\updatelua\luaexe\x64\debug\lstring.obj
f:\job\updatelua\luaexe\x64\debug\lstrlib.obj
f:\job\updatelua\luaexe\x64\debug\ltable.obj
f:\job\updatelua\luaexe\x64\debug\ltablib.obj
f:\job\updatelua\luaexe\x64\debug\ltm.obj
f:\job\updatelua\luaexe\x64\debug\lua.obj
f:\job\updatelua\luaexe\x64\debug\luac.obj
f:\job\updatelua\luaexe\x64\debug\lundump.obj
f:\job\updatelua\luaexe\x64\debug\lutf8lib.obj
f:\job\updatelua\luaexe\x64\debug\lvm.obj
f:\job\updatelua\luaexe\x64\debug\lzio.obj
f:\job\updatelua\luaexe\x64\debug\lua54exe.ilk
f:\job\updatelua\luaexe\x64\debug\vc142.idb
f:\job\updatelua\luaexe\x64\debug\vc142.pdb
