f:\job\updatelua\updatelua\luadec\vcproj-5.1\debug\obj\luadll\vc142.pdb
f:\job\updatelua\updatelua\luadec\vcproj-5.1\debug\obj\luadll\vc142.idb
f:\job\updatelua\updatelua\luadec\vcproj-5.1\debug\obj\luadll\lgc.obj
f:\job\updatelua\updatelua\luadec\vcproj-5.1\debug\obj\luadll\linit.obj
f:\job\updatelua\updatelua\luadec\vcproj-5.1\debug\obj\luadll\liolib.obj
f:\job\updatelua\updatelua\luadec\vcproj-5.1\debug\obj\luadll\llex.obj
f:\job\updatelua\updatelua\luadec\vcproj-5.1\debug\obj\luadll\lmathlib.obj
f:\job\updatelua\updatelua\luadec\vcproj-5.1\debug\obj\luadll\lmem.obj
f:\job\updatelua\updatelua\luadec\vcproj-5.1\debug\obj\luadll\loadlib.obj
f:\job\updatelua\updatelua\luadec\vcproj-5.1\debug\obj\luadll\lobject.obj
f:\job\updatelua\updatelua\luadec\vcproj-5.1\debug\obj\luadll\lopcodes.obj
f:\job\updatelua\updatelua\luadec\vcproj-5.1\debug\obj\luadll\loslib.obj
f:\job\updatelua\updatelua\luadec\vcproj-5.1\debug\obj\luadll\lparser.obj
f:\job\updatelua\updatelua\luadec\vcproj-5.1\debug\obj\luadll\lstate.obj
f:\job\updatelua\updatelua\luadec\vcproj-5.1\debug\obj\luadll\lstring.obj
f:\job\updatelua\updatelua\luadec\vcproj-5.1\debug\obj\luadll\lstrlib.obj
f:\job\updatelua\updatelua\luadec\vcproj-5.1\debug\obj\luadll\ltable.obj
f:\job\updatelua\updatelua\luadec\vcproj-5.1\debug\obj\luadll\ltablib.obj
f:\job\updatelua\updatelua\luadec\vcproj-5.1\debug\obj\luadll\ltm.obj
f:\job\updatelua\updatelua\luadec\vcproj-5.1\debug\obj\luadll\lundump.obj
f:\job\updatelua\updatelua\luadec\vcproj-5.1\debug\obj\luadll\lvm.obj
f:\job\updatelua\updatelua\luadec\vcproj-5.1\debug\obj\luadll\lzio.obj
f:\job\updatelua\updatelua\luadec\vcproj-5.1\debug\obj\luadll\lapi.obj
f:\job\updatelua\updatelua\luadec\vcproj-5.1\debug\obj\luadll\lauxlib.obj
f:\job\updatelua\updatelua\luadec\vcproj-5.1\debug\obj\luadll\lbaselib.obj
f:\job\updatelua\updatelua\luadec\vcproj-5.1\debug\obj\luadll\lcode.obj
f:\job\updatelua\updatelua\luadec\vcproj-5.1\debug\obj\luadll\ldblib.obj
f:\job\updatelua\updatelua\luadec\vcproj-5.1\debug\obj\luadll\ldebug.obj
f:\job\updatelua\updatelua\luadec\vcproj-5.1\debug\obj\luadll\ldo.obj
f:\job\updatelua\updatelua\luadec\vcproj-5.1\debug\obj\luadll\ldump.obj
f:\job\updatelua\updatelua\luadec\vcproj-5.1\debug\obj\luadll\lfunc.obj
f:\job\updatelua\updatelua\luadec\vcproj-5.1\debug\obj\luadll\luadll.ilk
f:\job\updatelua\updatelua\luadec\vcproj-5.1\debug\bin\lua51.dll
f:\job\updatelua\updatelua\luadec\vcproj-5.1\debug\bin\lua51.pdb
f:\job\updatelua\updatelua\luadec\vcproj-5.1\debug\bin\lua51.lib
f:\job\updatelua\updatelua\luadec\vcproj-5.1\debug\bin\lua51.exp
f:\job\updatelua\updatelua\luadec\vcproj-5.1\debug\obj\luadll\luadll.tlog\cl.command.1.tlog
f:\job\updatelua\updatelua\luadec\vcproj-5.1\debug\obj\luadll\luadll.tlog\cl.read.1.tlog
f:\job\updatelua\updatelua\luadec\vcproj-5.1\debug\obj\luadll\luadll.tlog\cl.write.1.tlog
f:\job\updatelua\updatelua\luadec\vcproj-5.1\debug\obj\luadll\luadll.tlog\link.command.1.tlog
f:\job\updatelua\updatelua\luadec\vcproj-5.1\debug\obj\luadll\luadll.tlog\link.read.1.tlog
f:\job\updatelua\updatelua\luadec\vcproj-5.1\debug\obj\luadll\luadll.tlog\link.write.1.tlog
f:\job\updatelua\updatelua\luadec\vcproj-5.1\debug\obj\luadll\luadll.tlog\luadll.write.1u.tlog
