f:\job\updatelua\updatelua\luadec\vcproj-5.1\debug\bin\lualib.pdb
f:\job\updatelua\updatelua\luadec\vcproj-5.1\debug\bin\lualib.idb
f:\job\updatelua\updatelua\luadec\vcproj-5.1\debug\obj\lualib\lgc.obj
f:\job\updatelua\updatelua\luadec\vcproj-5.1\debug\obj\lualib\linit.obj
f:\job\updatelua\updatelua\luadec\vcproj-5.1\debug\obj\lualib\liolib.obj
f:\job\updatelua\updatelua\luadec\vcproj-5.1\debug\obj\lualib\llex.obj
f:\job\updatelua\updatelua\luadec\vcproj-5.1\debug\obj\lualib\lmathlib.obj
f:\job\updatelua\updatelua\luadec\vcproj-5.1\debug\obj\lualib\lmem.obj
f:\job\updatelua\updatelua\luadec\vcproj-5.1\debug\obj\lualib\loadlib.obj
f:\job\updatelua\updatelua\luadec\vcproj-5.1\debug\obj\lualib\lobject.obj
f:\job\updatelua\updatelua\luadec\vcproj-5.1\debug\obj\lualib\lopcodes.obj
f:\job\updatelua\updatelua\luadec\vcproj-5.1\debug\obj\lualib\loslib.obj
f:\job\updatelua\updatelua\luadec\vcproj-5.1\debug\obj\lualib\lparser.obj
f:\job\updatelua\updatelua\luadec\vcproj-5.1\debug\obj\lualib\lstate.obj
f:\job\updatelua\updatelua\luadec\vcproj-5.1\debug\obj\lualib\lstring.obj
f:\job\updatelua\updatelua\luadec\vcproj-5.1\debug\obj\lualib\lstrlib.obj
f:\job\updatelua\updatelua\luadec\vcproj-5.1\debug\obj\lualib\ltable.obj
f:\job\updatelua\updatelua\luadec\vcproj-5.1\debug\obj\lualib\ltablib.obj
f:\job\updatelua\updatelua\luadec\vcproj-5.1\debug\obj\lualib\ltm.obj
f:\job\updatelua\updatelua\luadec\vcproj-5.1\debug\obj\lualib\lundump.obj
f:\job\updatelua\updatelua\luadec\vcproj-5.1\debug\obj\lualib\lvm.obj
f:\job\updatelua\updatelua\luadec\vcproj-5.1\debug\obj\lualib\lzio.obj
f:\job\updatelua\updatelua\luadec\vcproj-5.1\debug\obj\lualib\lapi.obj
f:\job\updatelua\updatelua\luadec\vcproj-5.1\debug\obj\lualib\lauxlib.obj
f:\job\updatelua\updatelua\luadec\vcproj-5.1\debug\obj\lualib\lbaselib.obj
f:\job\updatelua\updatelua\luadec\vcproj-5.1\debug\obj\lualib\lcode.obj
f:\job\updatelua\updatelua\luadec\vcproj-5.1\debug\obj\lualib\ldblib.obj
f:\job\updatelua\updatelua\luadec\vcproj-5.1\debug\obj\lualib\ldebug.obj
f:\job\updatelua\updatelua\luadec\vcproj-5.1\debug\obj\lualib\ldo.obj
f:\job\updatelua\updatelua\luadec\vcproj-5.1\debug\obj\lualib\ldump.obj
f:\job\updatelua\updatelua\luadec\vcproj-5.1\debug\obj\lualib\lfunc.obj
f:\job\updatelua\updatelua\luadec\vcproj-5.1\debug\bin\liblua51.lib
f:\job\updatelua\updatelua\luadec\vcproj-5.1\debug\obj\lualib\lualib.tlog\cl.command.1.tlog
f:\job\updatelua\updatelua\luadec\vcproj-5.1\debug\obj\lualib\lualib.tlog\cl.read.1.tlog
f:\job\updatelua\updatelua\luadec\vcproj-5.1\debug\obj\lualib\lualib.tlog\cl.write.1.tlog
f:\job\updatelua\updatelua\luadec\vcproj-5.1\debug\obj\lualib\lualib.tlog\lib-link.read.1.tlog
f:\job\updatelua\updatelua\luadec\vcproj-5.1\debug\obj\lualib\lualib.tlog\lib-link.write.1.tlog
f:\job\updatelua\updatelua\luadec\vcproj-5.1\debug\obj\lualib\lualib.tlog\lib.command.1.tlog
